mode: set
github.com/petrostrak/sokudo-helper/data/models.go:25.39,28.86 2 1
github.com/petrostrak/sokudo-helper/data/models.go:34.2,37.3 1 1
github.com/petrostrak/sokudo-helper/data/models.go:28.86,30.3 1 1
github.com/petrostrak/sokudo-helper/data/models.go:30.8,32.3 1 1
github.com/petrostrak/sokudo-helper/data/models.go:40.32,42.23 2 1
github.com/petrostrak/sokudo-helper/data/models.go:46.2,46.16 1 1
github.com/petrostrak/sokudo-helper/data/models.go:42.23,44.3 1 1
github.com/petrostrak/sokudo-helper/data/token.go:27.32,29.2 1 0
github.com/petrostrak/sokudo-helper/data/token.go:31.62,38.16 6 0
github.com/petrostrak/sokudo-helper/data/token.go:42.2,45.16 4 0
github.com/petrostrak/sokudo-helper/data/token.go:49.2,51.16 2 0
github.com/petrostrak/sokudo-helper/data/token.go:38.16,40.3 1 0
github.com/petrostrak/sokudo-helper/data/token.go:45.16,47.3 1 0
github.com/petrostrak/sokudo-helper/data/token.go:54.60,59.16 5 0
github.com/petrostrak/sokudo-helper/data/token.go:63.2,63.19 1 0
github.com/petrostrak/sokudo-helper/data/token.go:59.16,61.3 1 0
github.com/petrostrak/sokudo-helper/data/token.go:66.45,71.16 5 0
github.com/petrostrak/sokudo-helper/data/token.go:75.2,75.20 1 0
github.com/petrostrak/sokudo-helper/data/token.go:71.16,73.3 1 0
github.com/petrostrak/sokudo-helper/data/token.go:78.62,83.16 5 0
github.com/petrostrak/sokudo-helper/data/token.go:87.2,87.20 1 0
github.com/petrostrak/sokudo-helper/data/token.go:83.16,85.3 1 0
github.com/petrostrak/sokudo-helper/data/token.go:90.38,94.16 4 0
github.com/petrostrak/sokudo-helper/data/token.go:98.2,98.12 1 0
github.com/petrostrak/sokudo-helper/data/token.go:94.16,96.3 1 0
github.com/petrostrak/sokudo-helper/data/token.go:101.55,105.16 4 0
github.com/petrostrak/sokudo-helper/data/token.go:109.2,109.12 1 0
github.com/petrostrak/sokudo-helper/data/token.go:105.16,107.3 1 0
github.com/petrostrak/sokudo-helper/data/token.go:112.51,118.16 4 0
github.com/petrostrak/sokudo-helper/data/token.go:122.2,128.16 6 0
github.com/petrostrak/sokudo-helper/data/token.go:132.2,132.12 1 0
github.com/petrostrak/sokudo-helper/data/token.go:118.16,120.3 1 0
github.com/petrostrak/sokudo-helper/data/token.go:128.16,130.3 1 0
github.com/petrostrak/sokudo-helper/data/token.go:135.78,143.16 4 0
github.com/petrostrak/sokudo-helper/data/token.go:147.2,151.19 4 0
github.com/petrostrak/sokudo-helper/data/token.go:143.16,145.3 1 0
github.com/petrostrak/sokudo-helper/data/token.go:154.69,156.31 2 0
github.com/petrostrak/sokudo-helper/data/token.go:160.2,161.57 2 0
github.com/petrostrak/sokudo-helper/data/token.go:165.2,167.22 2 0
github.com/petrostrak/sokudo-helper/data/token.go:171.2,172.16 2 0
github.com/petrostrak/sokudo-helper/data/token.go:176.2,176.36 1 0
github.com/petrostrak/sokudo-helper/data/token.go:180.2,181.16 2 0
github.com/petrostrak/sokudo-helper/data/token.go:185.2,185.18 1 0
github.com/petrostrak/sokudo-helper/data/token.go:156.31,158.3 1 0
github.com/petrostrak/sokudo-helper/data/token.go:161.57,163.3 1 0
github.com/petrostrak/sokudo-helper/data/token.go:167.22,169.3 1 0
github.com/petrostrak/sokudo-helper/data/token.go:172.16,174.3 1 0
github.com/petrostrak/sokudo-helper/data/token.go:176.36,178.3 1 0
github.com/petrostrak/sokudo-helper/data/token.go:181.16,183.3 1 0
github.com/petrostrak/sokudo-helper/data/token.go:188.56,190.16 2 0
github.com/petrostrak/sokudo-helper/data/token.go:194.2,194.32 1 0
github.com/petrostrak/sokudo-helper/data/token.go:198.2,198.43 1 0
github.com/petrostrak/sokudo-helper/data/token.go:202.2,202.18 1 0
github.com/petrostrak/sokudo-helper/data/token.go:190.16,192.3 1 0
github.com/petrostrak/sokudo-helper/data/token.go:194.32,196.3 1 0
github.com/petrostrak/sokudo-helper/data/token.go:198.43,200.3 1 0
github.com/petrostrak/sokudo-helper/data/user.go:24.31,26.2 1 0
github.com/petrostrak/sokudo-helper/data/user.go:28.42,34.38 4 0
github.com/petrostrak/sokudo-helper/data/user.go:38.2,38.17 1 0
github.com/petrostrak/sokudo-helper/data/user.go:34.38,36.3 1 0
github.com/petrostrak/sokudo-helper/data/user.go:41.56,48.16 5 0
github.com/petrostrak/sokudo-helper/data/user.go:52.2,56.16 5 0
github.com/petrostrak/sokudo-helper/data/user.go:62.2,64.22 2 0
github.com/petrostrak/sokudo-helper/data/user.go:48.16,50.3 1 0
github.com/petrostrak/sokudo-helper/data/user.go:56.16,57.56 1 0
github.com/petrostrak/sokudo-helper/data/user.go:57.56,59.4 1 0
github.com/petrostrak/sokudo-helper/data/user.go:67.43,73.16 5 0
github.com/petrostrak/sokudo-helper/data/user.go:77.2,81.16 5 0
github.com/petrostrak/sokudo-helper/data/user.go:87.2,89.22 2 0
github.com/petrostrak/sokudo-helper/data/user.go:73.16,75.3 1 0
github.com/petrostrak/sokudo-helper/data/user.go:81.16,82.56 1 0
github.com/petrostrak/sokudo-helper/data/user.go:82.56,84.4 1 0
github.com/petrostrak/sokudo-helper/data/user.go:92.43,97.45 4 0
github.com/petrostrak/sokudo-helper/data/user.go:101.2,101.12 1 0
github.com/petrostrak/sokudo-helper/data/user.go:97.45,99.3 1 0
github.com/petrostrak/sokudo-helper/data/user.go:104.37,108.37 3 0
github.com/petrostrak/sokudo-helper/data/user.go:112.2,112.12 1 0
github.com/petrostrak/sokudo-helper/data/user.go:108.37,110.3 1 0
github.com/petrostrak/sokudo-helper/data/user.go:115.50,117.16 2 0
github.com/petrostrak/sokudo-helper/data/user.go:121.2,127.16 6 0
github.com/petrostrak/sokudo-helper/data/user.go:131.2,133.16 2 0
github.com/petrostrak/sokudo-helper/data/user.go:117.16,119.3 1 0
github.com/petrostrak/sokudo-helper/data/user.go:127.16,129.3 1 0
github.com/petrostrak/sokudo-helper/data/user.go:136.61,138.16 2 0
github.com/petrostrak/sokudo-helper/data/user.go:142.2,143.16 2 0
github.com/petrostrak/sokudo-helper/data/user.go:147.2,149.16 3 0
github.com/petrostrak/sokudo-helper/data/user.go:153.2,153.12 1 0
github.com/petrostrak/sokudo-helper/data/user.go:138.16,140.3 1 0
github.com/petrostrak/sokudo-helper/data/user.go:143.16,145.3 1 0
github.com/petrostrak/sokudo-helper/data/user.go:149.16,151.3 1 0
github.com/petrostrak/sokudo-helper/data/user.go:156.64,158.16 2 0
github.com/petrostrak/sokudo-helper/data/user.go:167.2,167.18 1 0
github.com/petrostrak/sokudo-helper/data/user.go:158.16,159.10 1 0
github.com/petrostrak/sokudo-helper/data/user.go:160.60,161.21 1 0
github.com/petrostrak/sokudo-helper/data/user.go:162.11,163.21 1 0
